Determining if the pthread_create exist failed with the following output:
Change Dir: /home/pi/opel/CMakeFiles/CMakeTmp

Run Build Command:/usr/bin/make "cmTryCompileExec2156412742/fast"
make[1]: Entering directory '/home/pi/opel/CMakeFiles/CMakeTmp'
/usr/bin/make -f CMakeFiles/cmTryCompileExec2156412742.dir/build.make CMakeFiles/cmTryCompileExec2156412742.dir/build
make[2]: Entering directory '/home/pi/opel/CMakeFiles/CMakeTmp'
/usr/bin/cmake -E cmake_progress_report /home/pi/opel/CMakeFiles/CMakeTmp/CMakeFiles 1
Building C object CMakeFiles/cmTryCompileExec2156412742.dir/CheckSymbolExists.c.o
/usr/bin/gcc    -o CMakeFiles/cmTryCompileExec2156412742.dir/CheckSymbolExists.c.o   -c /home/pi/opel/CMakeFiles/CMakeTmp/CheckSymbolExists.c
Linking C executable cmTryCompileExec2156412742
/usr/bin/cmake -E cmake_link_script CMakeFiles/cmTryCompileExec2156412742.dir/link.txt --verbose=1
/usr/bin/gcc         CMakeFiles/cmTryCompileExec2156412742.dir/CheckSymbolExists.c.o  -o cmTryCompileExec2156412742 -rdynamic 
CMakeFiles/cmTryCompileExec2156412742.dir/CheckSymbolExists.c.o: In function `main':
CheckSymbolExists.c:(.text+0x38): undefined reference to `pthread_create'
collect2: ld returned 1 exit status
CMakeFiles/cmTryCompileExec2156412742.dir/build.make:88: recipe for target 'cmTryCompileExec2156412742' failed
make[2]: Leaving directory '/home/pi/opel/CMakeFiles/CMakeTmp'
make[2]: *** [cmTryCompileExec2156412742] Error 1
Makefile:114: recipe for target 'cmTryCompileExec2156412742/fast' failed
make[1]: *** [cmTryCompileExec2156412742/fast] Error 2
make[1]: Leaving directory '/home/pi/opel/CMakeFiles/CMakeTmp'

File /home/pi/opel/CMakeFiles/CMakeTmp/CheckSymbolExists.c:
/* */
#include <pthread.h>

int main(int argc, char** argv)
{
  (void)argv;
#ifndef pthread_create
  return ((int*)(&pthread_create))[argc];
#else
  (void)argc;
  return 0;
#endif
}

Determining if the function pthread_create exists in the pthreads failed with the following output:
Change Dir: /home/pi/opel/CMakeFiles/CMakeTmp

Run Build Command:/usr/bin/make "cmTryCompileExec3022101082/fast"
make[1]: Entering directory '/home/pi/opel/CMakeFiles/CMakeTmp'
/usr/bin/make -f CMakeFiles/cmTryCompileExec3022101082.dir/build.make CMakeFiles/cmTryCompileExec3022101082.dir/build
make[2]: Entering directory '/home/pi/opel/CMakeFiles/CMakeTmp'
/usr/bin/cmake -E cmake_progress_report /home/pi/opel/CMakeFiles/CMakeTmp/CMakeFiles 1
Building C object CMakeFiles/cmTryCompileExec3022101082.dir/CheckFunctionExists.c.o
/usr/bin/gcc   -DCHECK_FUNCTION_EXISTS=pthread_create   -o CMakeFiles/cmTryCompileExec3022101082.dir/CheckFunctionExists.c.o   -c /usr/share/cmake-2.8/Modules/CheckFunctionExists.c
Linking C executable cmTryCompileExec3022101082
/usr/bin/cmake -E cmake_link_script CMakeFiles/cmTryCompileExec3022101082.dir/link.txt --verbose=1
/usr/bin/gcc     -DCHECK_FUNCTION_EXISTS=pthread_create    CMakeFiles/cmTryCompileExec3022101082.dir/CheckFunctionExists.c.o  -o cmTryCompileExec3022101082 -rdynamic -lpthreads 
/usr/bin/ld: cannot find -lpthreads
collect2: ld returned 1 exit status
CMakeFiles/cmTryCompileExec3022101082.dir/build.make:88: recipe for target 'cmTryCompileExec3022101082' failed
make[2]: Leaving directory '/home/pi/opel/CMakeFiles/CMakeTmp'
make[2]: *** [cmTryCompileExec3022101082] Error 1
Makefile:114: recipe for target 'cmTryCompileExec3022101082/fast' failed
make[1]: Leaving directory '/home/pi/opel/CMakeFiles/CMakeTmp'
make[1]: *** [cmTryCompileExec3022101082/fast] Error 2


