Determining if the system is big endian passed with the following output:
Change Dir: /home/ubuntu/opel-alpha/third-party/opencv-3.0.0/build/CMakeFiles/CMakeTmp

Run Build Command:"/usr/bin/make" "cmTC_8873b/fast"
/usr/bin/make -f CMakeFiles/cmTC_8873b.dir/build.make CMakeFiles/cmTC_8873b.dir/build
make[1]: Entering directory '/home/ubuntu/opel-alpha/third-party/opencv-3.0.0/build/CMakeFiles/CMakeTmp'
Building C object CMakeFiles/cmTC_8873b.dir/TestEndianess.c.o
/usr/bin/cc    -fsigned-char -W -Wall -Werror=return-type -Werror=non-virtual-dtor -Werror=address -Werror=sequence-point -Wformat -Werror=format-security -Wmissing-declarations -Wmissing-prototypes -Wstrict-prototypes -Wundef -Winit-self -Wpointer-arith -Wshadow -Wno-narrowing -fdiagnostics-show-option -pthread -fomit-frame-pointer -ffunction-sections -fvisibility=hidden  -O3 -DNDEBUG   -o CMakeFiles/cmTC_8873b.dir/TestEndianess.c.o   -c /home/ubuntu/opel-alpha/third-party/opencv-3.0.0/build/CMakeFiles/CMakeTmp/TestEndianess.c
Linking C executable cmTC_8873b
/usr/bin/cmake -E cmake_link_script CMakeFiles/cmTC_8873b.dir/link.txt --verbose=1
/usr/bin/cc     -fsigned-char -W -Wall -Werror=return-type -Werror=non-virtual-dtor -Werror=address -Werror=sequence-point -Wformat -Werror=format-security -Wmissing-declarations -Wmissing-prototypes -Wstrict-prototypes -Wundef -Winit-self -Wpointer-arith -Wshadow -Wno-narrowing -fdiagnostics-show-option -pthread -fomit-frame-pointer -ffunction-sections -fvisibility=hidden  -O3 -DNDEBUG    CMakeFiles/cmTC_8873b.dir/TestEndianess.c.o  -o cmTC_8873b -rdynamic 
make[1]: Leaving directory '/home/ubuntu/opel-alpha/third-party/opencv-3.0.0/build/CMakeFiles/CMakeTmp'

TestEndianess.c:
/* A 16 bit integer is required. */
typedef unsigned short cmakeint16;

/* On a little endian machine, these 16bit ints will give "THIS IS LITTLE ENDIAN."
   On a big endian machine the characters will be exchanged pairwise. */
const cmakeint16 info_little[] =  {0x4854, 0x5349, 0x4920, 0x2053, 0x494c, 0x5454, 0x454c, 0x4520, 0x444e, 0x4149, 0x2e4e, 0x0000};

/* on a big endian machine, these 16bit ints will give "THIS IS BIG ENDIAN."
   On a little endian machine the characters will be exchanged pairwise. */
const cmakeint16 info_big[] =     {0x5448, 0x4953, 0x2049, 0x5320, 0x4249, 0x4720, 0x454e, 0x4449, 0x414e, 0x2e2e, 0x0000};

#ifdef __CLASSIC_C__
int main(argc, argv) int argc; char *argv[];
#else
int main(int argc, char *argv[])
#endif
{
  int require = 0;
  require += info_little[argc];
  require += info_big[argc];
  (void)argv;
  return require;
}


Determining if the include file io.h exists failed with the following output:
Change Dir: /home/ubuntu/opel-alpha/third-party/opencv-3.0.0/build/CMakeFiles/CMakeTmp

Run Build Command:"/usr/bin/make" "cmTC_ba8ac/fast"
/usr/bin/make -f CMakeFiles/cmTC_ba8ac.dir/build.make CMakeFiles/cmTC_ba8ac.dir/build
make[1]: Entering directory '/home/ubuntu/opel-alpha/third-party/opencv-3.0.0/build/CMakeFiles/CMakeTmp'
Building C object CMakeFiles/cmTC_ba8ac.dir/CheckIncludeFile.c.o
/usr/bin/cc    -fsigned-char -W -Wall -Werror=return-type -Werror=non-virtual-dtor -Werror=address -Werror=sequence-point -Wformat -Werror=format-security -Wmissing-declarations -Wmissing-prototypes -Wstrict-prototypes -Wundef -Winit-self -Wpointer-arith -Wshadow -Wno-narrowing -fdiagnostics-show-option -pthread -fomit-frame-pointer -ffunction-sections -fvisibility=hidden  -O3 -DNDEBUG   -o CMakeFiles/cmTC_ba8ac.dir/CheckIncludeFile.c.o   -c /home/ubuntu/opel-alpha/third-party/opencv-3.0.0/build/CMakeFiles/CMakeTmp/CheckIncludeFile.c
/home/ubuntu/opel-alpha/third-party/opencv-3.0.0/build/CMakeFiles/CMakeTmp/CheckIncludeFile.c:1:16: fatal error: io.h: No such file or directory
compilation terminated.
CMakeFiles/cmTC_ba8ac.dir/build.make:65: recipe for target 'CMakeFiles/cmTC_ba8ac.dir/CheckIncludeFile.c.o' failed
make[1]: *** [CMakeFiles/cmTC_ba8ac.dir/CheckIncludeFile.c.o] Error 1
make[1]: Leaving directory '/home/ubuntu/opel-alpha/third-party/opencv-3.0.0/build/CMakeFiles/CMakeTmp'
Makefile:126: recipe for target 'cmTC_ba8ac/fast' failed
make: *** [cmTC_ba8ac/fast] Error 2


Determining if the function jbg_newlen exists failed with the following output:
Change Dir: /home/ubuntu/opel-alpha/third-party/opencv-3.0.0/build/CMakeFiles/CMakeTmp

Run Build Command:"/usr/bin/make" "cmTC_0ba3e/fast"
/usr/bin/make -f CMakeFiles/cmTC_0ba3e.dir/build.make CMakeFiles/cmTC_0ba3e.dir/build
make[1]: Entering directory '/home/ubuntu/opel-alpha/third-party/opencv-3.0.0/build/CMakeFiles/CMakeTmp'
Building C object CMakeFiles/cmTC_0ba3e.dir/CheckFunctionExists.c.o
/usr/bin/cc    -fsigned-char -W -Wall -Werror=return-type -Werror=non-virtual-dtor -Werror=address -Werror=sequence-point -Wformat -Werror=format-security -Wmissing-declarations -Wmissing-prototypes -Wstrict-prototypes -Wundef -Winit-self -Wpointer-arith -Wshadow -Wno-narrowing -fdiagnostics-show-option -pthread -fomit-frame-pointer -ffunction-sections -fvisibility=hidden -DCHECK_FUNCTION_EXISTS=jbg_newlen -O3 -DNDEBUG   -o CMakeFiles/cmTC_0ba3e.dir/CheckFunctionExists.c.o   -c /usr/share/cmake-3.5/Modules/CheckFunctionExists.c
/usr/share/cmake-3.5/Modules/CheckFunctionExists.c:6:1: warning: function declaration isnâ€™t a prototype [-Wstrict-prototypes]
 char CHECK_FUNCTION_EXISTS();
 ^
Linking C executable cmTC_0ba3e
/usr/bin/cmake -E cmake_link_script CMakeFiles/cmTC_0ba3e.dir/link.txt --verbose=1
/usr/bin/cc     -fsigned-char -W -Wall -Werror=return-type -Werror=non-virtual-dtor -Werror=address -Werror=sequence-point -Wformat -Werror=format-security -Wmissing-declarations -Wmissing-prototypes -Wstrict-prototypes -Wundef -Winit-self -Wpointer-arith -Wshadow -Wno-narrowing -fdiagnostics-show-option -pthread -fomit-frame-pointer -ffunction-sections -fvisibility=hidden -DCHECK_FUNCTION_EXISTS=jbg_newlen -O3 -DNDEBUG    CMakeFiles/cmTC_0ba3e.dir/CheckFunctionExists.c.o  -o cmTC_0ba3e -rdynamic 
CMakeFiles/cmTC_0ba3e.dir/CheckFunctionExists.c.o: In function `main':
CheckFunctionExists.c:(.text.startup.main+0x10): undefined reference to `jbg_newlen'
collect2: error: ld returned 1 exit status
CMakeFiles/cmTC_0ba3e.dir/build.make:97: recipe for target 'cmTC_0ba3e' failed
make[1]: *** [cmTC_0ba3e] Error 1
make[1]: Leaving directory '/home/ubuntu/opel-alpha/third-party/opencv-3.0.0/build/CMakeFiles/CMakeTmp'
Makefile:126: recipe for target 'cmTC_0ba3e/fast' failed
make: *** [cmTC_0ba3e/fast] Error 2


Determining if the include file sys/videoio.h exists failed with the following output:
Change Dir: /home/ubuntu/opel-alpha/third-party/opencv-3.0.0/build/CMakeFiles/CMakeTmp

Run Build Command:"/usr/bin/make" "cmTC_5f499/fast"
/usr/bin/make -f CMakeFiles/cmTC_5f499.dir/build.make CMakeFiles/cmTC_5f499.dir/build
make[1]: Entering directory '/home/ubuntu/opel-alpha/third-party/opencv-3.0.0/build/CMakeFiles/CMakeTmp'
Building C object CMakeFiles/cmTC_5f499.dir/CheckIncludeFile.c.o
/usr/bin/cc    -fsigned-char -W -Wall -Werror=return-type -Werror=non-virtual-dtor -Werror=address -Werror=sequence-point -Wformat -Werror=format-security -Wmissing-declarations -Wmissing-prototypes -Wstrict-prototypes -Wundef -Winit-self -Wpointer-arith -Wshadow -Wno-narrowing -fdiagnostics-show-option -pthread -fomit-frame-pointer -ffunction-sections -fvisibility=hidden  -O3 -DNDEBUG   -o CMakeFiles/cmTC_5f499.dir/CheckIncludeFile.c.o   -c /home/ubuntu/opel-alpha/third-party/opencv-3.0.0/build/CMakeFiles/CMakeTmp/CheckIncludeFile.c
/home/ubuntu/opel-alpha/third-party/opencv-3.0.0/build/CMakeFiles/CMakeTmp/CheckIncludeFile.c:1:25: fatal error: sys/videoio.h: No such file or directory
compilation terminated.
CMakeFiles/cmTC_5f499.dir/build.make:65: recipe for target 'CMakeFiles/cmTC_5f499.dir/CheckIncludeFile.c.o' failed
make[1]: *** [CMakeFiles/cmTC_5f499.dir/CheckIncludeFile.c.o] Error 1
make[1]: Leaving directory '/home/ubuntu/opel-alpha/third-party/opencv-3.0.0/build/CMakeFiles/CMakeTmp'
Makefile:126: recipe for target 'cmTC_5f499/fast' failed
make: *** [cmTC_5f499/fast] Error 2


Determining if the include file sys/videoio.h exists failed with the following output:
Change Dir: /home/ubuntu/opel-alpha/third-party/opencv-3.0.0/build/CMakeFiles/CMakeTmp

Run Build Command:"/usr/bin/make" "cmTC_e7c00/fast"
make[1]: Entering directory '/home/ubuntu/opel-alpha/third-party/opencv-3.0.0/build/CMakeFiles/CMakeTmp'
/usr/bin/make -f CMakeFiles/cmTC_e7c00.dir/build.make CMakeFiles/cmTC_e7c00.dir/build
make[2]: Entering directory '/home/ubuntu/opel-alpha/third-party/opencv-3.0.0/build/CMakeFiles/CMakeTmp'
Building C object CMakeFiles/cmTC_e7c00.dir/CheckIncludeFile.c.o
/usr/bin/cc    -fsigned-char -W -Wall -Werror=return-type -Werror=non-virtual-dtor -Werror=address -Werror=sequence-point -Wformat -Werror=format-security -Wmissing-declarations -Wmissing-prototypes -Wstrict-prototypes -Wundef -Winit-self -Wpointer-arith -Wshadow -Wno-narrowing -fdiagnostics-show-option -pthread -fomit-frame-pointer -ffunction-sections -fvisibility=hidden  -O3 -DNDEBUG   -o CMakeFiles/cmTC_e7c00.dir/CheckIncludeFile.c.o   -c /home/ubuntu/opel-alpha/third-party/opencv-3.0.0/build/CMakeFiles/CMakeTmp/CheckIncludeFile.c
/home/ubuntu/opel-alpha/third-party/opencv-3.0.0/build/CMakeFiles/CMakeTmp/CheckIncludeFile.c:1:25: fatal error: sys/videoio.h: No such file or directory
compilation terminated.
CMakeFiles/cmTC_e7c00.dir/build.make:65: recipe for target 'CMakeFiles/cmTC_e7c00.dir/CheckIncludeFile.c.o' failed
make[2]: *** [CMakeFiles/cmTC_e7c00.dir/CheckIncludeFile.c.o] Error 1
make[2]: Leaving directory '/home/ubuntu/opel-alpha/third-party/opencv-3.0.0/build/CMakeFiles/CMakeTmp'
Makefile:126: recipe for target 'cmTC_e7c00/fast' failed
make[1]: *** [cmTC_e7c00/fast] Error 2
make[1]: Leaving directory '/home/ubuntu/opel-alpha/third-party/opencv-3.0.0/build/CMakeFiles/CMakeTmp'


Determining if the include file sys/videoio.h exists failed with the following output:
Change Dir: /home/ubuntu/opel-alpha/third-party/opencv-3.0.0/build/CMakeFiles/CMakeTmp

Run Build Command:"/usr/bin/make" "cmTC_24d27/fast"
make[1]: Entering directory '/home/ubuntu/opel-alpha/third-party/opencv-3.0.0/build/CMakeFiles/CMakeTmp'
/usr/bin/make -f CMakeFiles/cmTC_24d27.dir/build.make CMakeFiles/cmTC_24d27.dir/build
make[2]: Entering directory '/home/ubuntu/opel-alpha/third-party/opencv-3.0.0/build/CMakeFiles/CMakeTmp'
Building C object CMakeFiles/cmTC_24d27.dir/CheckIncludeFile.c.o
/usr/bin/cc    -fsigned-char -W -Wall -Werror=return-type -Werror=non-virtual-dtor -Werror=address -Werror=sequence-point -Wformat -Werror=format-security -Wmissing-declarations -Wmissing-prototypes -Wstrict-prototypes -Wundef -Winit-self -Wpointer-arith -Wshadow -Wno-narrowing -fdiagnostics-show-option -pthread -fomit-frame-pointer -ffunction-sections -fvisibility=hidden  -O3 -DNDEBUG   -o CMakeFiles/cmTC_24d27.dir/CheckIncludeFile.c.o   -c /home/ubuntu/opel-alpha/third-party/opencv-3.0.0/build/CMakeFiles/CMakeTmp/CheckIncludeFile.c
/home/ubuntu/opel-alpha/third-party/opencv-3.0.0/build/CMakeFiles/CMakeTmp/CheckIncludeFile.c:1:25: fatal error: sys/videoio.h: No such file or directory
compilation terminated.
CMakeFiles/cmTC_24d27.dir/build.make:65: recipe for target 'CMakeFiles/cmTC_24d27.dir/CheckIncludeFile.c.o' failed
make[2]: *** [CMakeFiles/cmTC_24d27.dir/CheckIncludeFile.c.o] Error 1
make[2]: Leaving directory '/home/ubuntu/opel-alpha/third-party/opencv-3.0.0/build/CMakeFiles/CMakeTmp'
Makefile:126: recipe for target 'cmTC_24d27/fast' failed
make[1]: *** [cmTC_24d27/fast] Error 2
make[1]: Leaving directory '/home/ubuntu/opel-alpha/third-party/opencv-3.0.0/build/CMakeFiles/CMakeTmp'


Determining if the include file sys/videoio.h exists failed with the following output:
Change Dir: /home/ubuntu/opel-alpha/third-party/opencv-3.0.0/build/CMakeFiles/CMakeTmp

Run Build Command:"/usr/bin/make" "cmTC_cb1d4/fast"
make[1]: Entering directory '/home/ubuntu/opel-alpha/third-party/opencv-3.0.0/build/CMakeFiles/CMakeTmp'
/usr/bin/make -f CMakeFiles/cmTC_cb1d4.dir/build.make CMakeFiles/cmTC_cb1d4.dir/build
make[2]: Entering directory '/home/ubuntu/opel-alpha/third-party/opencv-3.0.0/build/CMakeFiles/CMakeTmp'
Building C object CMakeFiles/cmTC_cb1d4.dir/CheckIncludeFile.c.o
/usr/bin/cc    -fsigned-char -W -Wall -Werror=return-type -Werror=non-virtual-dtor -Werror=address -Werror=sequence-point -Wformat -Werror=format-security -Wmissing-declarations -Wmissing-prototypes -Wstrict-prototypes -Wundef -Winit-self -Wpointer-arith -Wshadow -Wno-narrowing -fdiagnostics-show-option -pthread -fomit-frame-pointer -ffunction-sections -fvisibility=hidden  -O3 -DNDEBUG   -o CMakeFiles/cmTC_cb1d4.dir/CheckIncludeFile.c.o   -c /home/ubuntu/opel-alpha/third-party/opencv-3.0.0/build/CMakeFiles/CMakeTmp/CheckIncludeFile.c
/home/ubuntu/opel-alpha/third-party/opencv-3.0.0/build/CMakeFiles/CMakeTmp/CheckIncludeFile.c:1:25: fatal error: sys/videoio.h: No such file or directory
compilation terminated.
CMakeFiles/cmTC_cb1d4.dir/build.make:65: recipe for target 'CMakeFiles/cmTC_cb1d4.dir/CheckIncludeFile.c.o' failed
make[2]: *** [CMakeFiles/cmTC_cb1d4.dir/CheckIncludeFile.c.o] Error 1
make[2]: Leaving directory '/home/ubuntu/opel-alpha/third-party/opencv-3.0.0/build/CMakeFiles/CMakeTmp'
Makefile:126: recipe for target 'cmTC_cb1d4/fast' failed
make[1]: *** [cmTC_cb1d4/fast] Error 2
make[1]: Leaving directory '/home/ubuntu/opel-alpha/third-party/opencv-3.0.0/build/CMakeFiles/CMakeTmp'


Determining if the include file sys/videoio.h exists failed with the following output:
Change Dir: /home/ubuntu/opel-alpha/third-party/opencv-3.0.0/build/CMakeFiles/CMakeTmp

Run Build Command:"/usr/bin/make" "cmTC_0e3b4/fast"
make[1]: Entering directory '/home/ubuntu/opel-alpha/third-party/opencv-3.0.0/build/CMakeFiles/CMakeTmp'
/usr/bin/make -f CMakeFiles/cmTC_0e3b4.dir/build.make CMakeFiles/cmTC_0e3b4.dir/build
make[2]: Entering directory '/home/ubuntu/opel-alpha/third-party/opencv-3.0.0/build/CMakeFiles/CMakeTmp'
Building C object CMakeFiles/cmTC_0e3b4.dir/CheckIncludeFile.c.o
/usr/bin/cc    -fsigned-char -W -Wall -Werror=return-type -Werror=non-virtual-dtor -Werror=address -Werror=sequence-point -Wformat -Werror=format-security -Wmissing-declarations -Wmissing-prototypes -Wstrict-prototypes -Wundef -Winit-self -Wpointer-arith -Wshadow -Wno-narrowing -fdiagnostics-show-option -pthread -fomit-frame-pointer -ffunction-sections -fvisibility=hidden  -O3 -DNDEBUG   -o CMakeFiles/cmTC_0e3b4.dir/CheckIncludeFile.c.o   -c /home/ubuntu/opel-alpha/third-party/opencv-3.0.0/build/CMakeFiles/CMakeTmp/CheckIncludeFile.c
/home/ubuntu/opel-alpha/third-party/opencv-3.0.0/build/CMakeFiles/CMakeTmp/CheckIncludeFile.c:1:25: fatal error: sys/videoio.h: No such file or directory
compilation terminated.
CMakeFiles/cmTC_0e3b4.dir/build.make:65: recipe for target 'CMakeFiles/cmTC_0e3b4.dir/CheckIncludeFile.c.o' failed
make[2]: *** [CMakeFiles/cmTC_0e3b4.dir/CheckIncludeFile.c.o] Error 1
make[2]: Leaving directory '/home/ubuntu/opel-alpha/third-party/opencv-3.0.0/build/CMakeFiles/CMakeTmp'
Makefile:126: recipe for target 'cmTC_0e3b4/fast' failed
make[1]: *** [cmTC_0e3b4/fast] Error 2
make[1]: Leaving directory '/home/ubuntu/opel-alpha/third-party/opencv-3.0.0/build/CMakeFiles/CMakeTmp'


Determining if the include file sys/videoio.h exists failed with the following output:
Change Dir: /home/ubuntu/opel-alpha/third-party/opencv-3.0.0/build/CMakeFiles/CMakeTmp

Run Build Command:"/usr/bin/make" "cmTC_da2c9/fast"
make[1]: Entering directory '/home/ubuntu/opel-alpha/third-party/opencv-3.0.0/build/CMakeFiles/CMakeTmp'
/usr/bin/make -f CMakeFiles/cmTC_da2c9.dir/build.make CMakeFiles/cmTC_da2c9.dir/build
make[2]: Entering directory '/home/ubuntu/opel-alpha/third-party/opencv-3.0.0/build/CMakeFiles/CMakeTmp'
Building C object CMakeFiles/cmTC_da2c9.dir/CheckIncludeFile.c.o
/usr/bin/cc    -fsigned-char -W -Wall -Werror=return-type -Werror=non-virtual-dtor -Werror=address -Werror=sequence-point -Wformat -Werror=format-security -Wmissing-declarations -Wmissing-prototypes -Wstrict-prototypes -Wundef -Winit-self -Wpointer-arith -Wshadow -Wno-narrowing -fdiagnostics-show-option -pthread -fomit-frame-pointer -ffunction-sections -fvisibility=hidden  -O3 -DNDEBUG   -o CMakeFiles/cmTC_da2c9.dir/CheckIncludeFile.c.o   -c /home/ubuntu/opel-alpha/third-party/opencv-3.0.0/build/CMakeFiles/CMakeTmp/CheckIncludeFile.c
/home/ubuntu/opel-alpha/third-party/opencv-3.0.0/build/CMakeFiles/CMakeTmp/CheckIncludeFile.c:1:25: fatal error: sys/videoio.h: No such file or directory
compilation terminated.
CMakeFiles/cmTC_da2c9.dir/build.make:65: recipe for target 'CMakeFiles/cmTC_da2c9.dir/CheckIncludeFile.c.o' failed
make[2]: *** [CMakeFiles/cmTC_da2c9.dir/CheckIncludeFile.c.o] Error 1
make[2]: Leaving directory '/home/ubuntu/opel-alpha/third-party/opencv-3.0.0/build/CMakeFiles/CMakeTmp'
Makefile:126: recipe for target 'cmTC_da2c9/fast' failed
make[1]: *** [cmTC_da2c9/fast] Error 2
make[1]: Leaving directory '/home/ubuntu/opel-alpha/third-party/opencv-3.0.0/build/CMakeFiles/CMakeTmp'


Determining if the include file sys/videoio.h exists failed with the following output:
Change Dir: /home/ubuntu/opel-alpha/third-party/opencv-3.0.0/build/CMakeFiles/CMakeTmp

Run Build Command:"/usr/bin/make" "cmTC_9be74/fast"
make[1]: Entering directory '/home/ubuntu/opel-alpha/third-party/opencv-3.0.0/build/CMakeFiles/CMakeTmp'
/usr/bin/make -f CMakeFiles/cmTC_9be74.dir/build.make CMakeFiles/cmTC_9be74.dir/build
make[2]: Entering directory '/home/ubuntu/opel-alpha/third-party/opencv-3.0.0/build/CMakeFiles/CMakeTmp'
Building C object CMakeFiles/cmTC_9be74.dir/CheckIncludeFile.c.o
/usr/bin/cc    -fsigned-char -W -Wall -Werror=return-type -Werror=non-virtual-dtor -Werror=address -Werror=sequence-point -Wformat -Werror=format-security -Wmissing-declarations -Wmissing-prototypes -Wstrict-prototypes -Wundef -Winit-self -Wpointer-arith -Wshadow -Wno-narrowing -fdiagnostics-show-option -pthread -fomit-frame-pointer -ffunction-sections -fvisibility=hidden  -O3 -DNDEBUG   -o CMakeFiles/cmTC_9be74.dir/CheckIncludeFile.c.o   -c /home/ubuntu/opel-alpha/third-party/opencv-3.0.0/build/CMakeFiles/CMakeTmp/CheckIncludeFile.c
/home/ubuntu/opel-alpha/third-party/opencv-3.0.0/build/CMakeFiles/CMakeTmp/CheckIncludeFile.c:1:25: fatal error: sys/videoio.h: No such file or directory
compilation terminated.
CMakeFiles/cmTC_9be74.dir/build.make:65: recipe for target 'CMakeFiles/cmTC_9be74.dir/CheckIncludeFile.c.o' failed
make[2]: *** [CMakeFiles/cmTC_9be74.dir/CheckIncludeFile.c.o] Error 1
make[2]: Leaving directory '/home/ubuntu/opel-alpha/third-party/opencv-3.0.0/build/CMakeFiles/CMakeTmp'
Makefile:126: recipe for target 'cmTC_9be74/fast' failed
make[1]: *** [cmTC_9be74/fast] Error 2
make[1]: Leaving directory '/home/ubuntu/opel-alpha/third-party/opencv-3.0.0/build/CMakeFiles/CMakeTmp'


